2021-03-26 19:29:16,371 - DEBUG - decor_log_server - Сообщение от клиента. вызвана из функции analysis_data 
2021-03-26 19:31:38,368 - DEBUG - decor_log_server - Сообщение от клиента. вызвана из функции analysis_data 
2021-03-26 19:35:11,729 - DEBUG - decor_log_server - Сообщение от клиента. вызвана из функции analysis_data 
2021-03-26 20:15:14,377 - DEBUG - decor_log_server - Сообщение от клиента. вызвана из функции analysis_data 
2021-03-26 20:15:20,901 - DEBUG - decor_log_server - Сообщение от клиента. вызвана из функции analysis_data 
2021-03-26 20:15:37,672 - DEBUG - decor_log_server - Сообщение от клиента. вызвана из функции analysis_data 
2021-03-26 20:15:37,673 - DEBUG - decor_log_server - Сообщение от клиента. вызвана из функции serializer_server_message 
2021-03-26 20:15:53,763 - DEBUG - decor_log_server - Сообщение от клиента. вызвана из функции analysis_data 
2021-03-26 20:15:59,471 - DEBUG - decor_log_server - Сообщение от клиента. вызвана из функции analysis_data 
2021-03-26 20:16:53,253 - DEBUG - decor_log_server - Сообщение от клиента. вызвана из функции analysis_data 
2021-03-26 20:45:45,868 - INFO - server - connect server 
2021-03-26 20:45:45,869 - DEBUG - server - Клиент подключился 
2021-03-26 20:45:49,144 - DEBUG - decor_log_server - Сообщение от клиента. вызвана из функции analysis_data 
2021-03-26 20:45:53,807 - DEBUG - decor_log_server - Сообщение от клиента. вызвана из функции analysis_data 
2021-03-26 20:45:53,809 - DEBUG - decor_log_server - Сообщение от клиента. вызвана из функции write_responses 
2021-03-26 20:46:06,091 - INFO - server - connect server 
2021-03-26 20:46:06,091 - DEBUG - server - Клиент подключился 
2021-03-26 20:46:08,136 - DEBUG - decor_log_server - Сообщение от клиента. вызвана из функции analysis_data 
2021-03-26 20:46:09,980 - DEBUG - decor_log_server - Сообщение от клиента. вызвана из функции analysis_data 
2021-03-26 20:46:44,845 - DEBUG - decor_log_server - Сообщение от клиента. вызвана из функции analysis_data 
2021-03-26 20:46:44,848 - DEBUG - decor_log_server - Сообщение от клиента. вызвана из функции write_responses 
2021-03-26 21:00:49,934 - DEBUG - decor_log_server - Сообщение от клиента. вызвана из функции analysis_data 
2021-03-26 21:00:58,296 - DEBUG - decor_log_server - Сообщение от клиента. вызвана из функции analysis_data 
2021-03-26 21:04:59,696 - INFO - server - connect server 
2021-03-26 21:04:59,696 - DEBUG - server - Клиент подключился 
2021-03-26 21:05:03,000 - DEBUG - decor_log_server - Сообщение от клиента. вызвана из функции analysis_data 
2021-03-26 21:05:04,843 - DEBUG - decor_log_server - Сообщение от клиента. вызвана из функции analysis_data 
2021-03-26 21:05:10,217 - INFO - server - connect server 
2021-03-26 21:05:10,217 - DEBUG - server - Клиент подключился 
2021-03-26 21:05:13,478 - DEBUG - decor_log_server - Сообщение от клиента. вызвана из функции analysis_data 
2021-03-26 21:05:13,481 - DEBUG - decor_log_server - Сообщение от клиента. вызвана из функции write_responses 
2021-03-26 21:05:19,786 - DEBUG - decor_log_server - Сообщение от клиента. вызвана из функции analysis_data 
2021-03-26 21:05:19,790 - DEBUG - decor_log_server - Сообщение от клиента. вызвана из функции write_responses 
2021-03-26 21:11:26,792 - INFO - server - connect server 
2021-03-26 21:11:26,792 - DEBUG - server - Клиент подключился 
2021-03-26 21:11:29,854 - DEBUG - decor_log_server - Сообщение от клиента. вызвана из функции analysis_data 
2021-03-26 21:11:29,856 - DEBUG - decor_log_server - Сообщение от клиента. вызвана из функции write_responses 
2021-03-26 21:11:33,080 - INFO - server - connect server 
2021-03-26 21:11:33,081 - DEBUG - server - Клиент подключился 
2021-03-26 21:11:35,726 - DEBUG - decor_log_server - Сообщение от клиента. вызвана из функции analysis_data 
2021-03-26 21:11:35,730 - DEBUG - decor_log_server - Сообщение от клиента. вызвана из функции write_responses 
2021-03-26 21:16:32,673 - INFO - server - connect server 
2021-03-26 21:16:32,673 - DEBUG - server - Клиент подключился 
2021-03-26 21:16:36,577 - INFO - server - connect server 
2021-03-26 21:16:36,577 - DEBUG - server - Клиент подключился 
2021-03-26 21:16:40,672 - DEBUG - decor_log_server - Сообщение от клиента. вызвана из функции analysis_data 
2021-03-26 21:16:40,675 - DEBUG - decor_log_server - Сообщение от клиента. вызвана из функции write_responses 
2021-03-26 21:16:45,149 - DEBUG - decor_log_server - Сообщение от клиента. вызвана из функции analysis_data 
2021-03-26 21:16:45,152 - DEBUG - decor_log_server - Сообщение от клиента. вызвана из функции write_responses 
2021-03-26 21:17:20,547 - INFO - server - connect server 
2021-03-26 21:17:20,547 - DEBUG - server - Клиент подключился 
2021-03-26 21:17:24,200 - DEBUG - decor_log_server - Сообщение от клиента. вызвана из функции analysis_data 
2021-03-26 21:17:24,204 - DEBUG - decor_log_server - Сообщение от клиента. вызвана из функции write_responses 
2021-03-26 21:17:28,423 - INFO - server - connect server 
2021-03-26 21:17:28,423 - DEBUG - server - Клиент подключился 
2021-03-26 21:17:30,870 - DEBUG - decor_log_server - Сообщение от клиента. вызвана из функции analysis_data 
2021-03-26 21:17:30,873 - DEBUG - decor_log_server - Сообщение от клиента. вызвана из функции write_responses 
2021-03-26 21:18:23,533 - INFO - server - connect server 
2021-03-26 21:18:23,533 - DEBUG - server - Клиент подключился 
2021-03-26 21:18:26,464 - INFO - server - connect server 
2021-03-26 21:18:26,464 - DEBUG - server - Клиент подключился 
2021-03-26 21:18:29,753 - DEBUG - decor_log_server - Сообщение от клиента. вызвана из функции analysis_data 
2021-03-26 21:18:29,756 - DEBUG - decor_log_server - Сообщение от клиента. вызвана из функции write_responses 
2021-03-26 21:18:46,569 - DEBUG - decor_log_server - Сообщение от клиента. вызвана из функции analysis_data 
2021-03-26 21:18:46,574 - DEBUG - decor_log_server - Сообщение от клиента. вызвана из функции write_responses 
2021-03-26 21:20:23,438 - DEBUG - decor_log_server - Сообщение от клиента. вызвана из функции analysis_data 
2021-03-26 21:20:23,439 - DEBUG - decor_log_server - Сообщение от клиента. вызвана из функции serializer_server_message 
2021-03-26 21:23:45,368 - INFO - server - connect server 
2021-03-26 21:23:45,368 - DEBUG - server - Клиент подключился 
2021-03-26 21:23:48,624 - INFO - server - connect server 
2021-03-26 21:23:48,624 - DEBUG - server - Клиент подключился 
2021-03-26 21:23:52,322 - DEBUG - decor_log_server - Сообщение от клиента. вызвана из функции analysis_data 
2021-03-26 21:23:52,325 - DEBUG - decor_log_server - Сообщение от клиента. вызвана из функции write_responses 
2021-03-26 21:24:17,568 - DEBUG - decor_log_server - Сообщение от клиента. вызвана из функции analysis_data 
2021-03-26 21:24:17,570 - DEBUG - decor_log_server - Сообщение от клиента. вызвана из функции write_responses 
2021-03-26 21:29:21,780 - INFO - server - connect server 
2021-03-26 21:29:21,780 - DEBUG - server - Клиент подключился 
2021-03-26 21:29:26,088 - DEBUG - decor_log_server - Сообщение от клиента. вызвана из функции analysis_data 
2021-03-26 21:29:26,099 - DEBUG - decor_log_server - Сообщение от клиента. вызвана из функции write_responses 
2021-03-26 21:29:40,433 - INFO - server - connect server 
2021-03-26 21:29:40,433 - DEBUG - server - Клиент подключился 
2021-03-26 21:29:44,094 - DEBUG - decor_log_server - Сообщение от клиента. вызвана из функции analysis_data 
2021-03-26 21:29:44,097 - DEBUG - decor_log_server - Сообщение от клиента. вызвана из функции write_responses 
2021-03-26 21:29:48,104 - INFO - server - connect server 
2021-03-26 21:29:48,104 - DEBUG - server - Клиент подключился 
2021-03-26 21:29:52,380 - DEBUG - decor_log_server - Сообщение от клиента. вызвана из функции analysis_data 
2021-03-26 21:29:52,383 - DEBUG - decor_log_server - Сообщение от клиента. вызвана из функции write_responses 
2021-03-26 21:30:16,640 - INFO - server - connect server 
2021-03-26 21:30:16,641 - DEBUG - server - Клиент подключился 
2021-03-26 21:30:19,516 - DEBUG - decor_log_server - Сообщение от клиента. вызвана из функции analysis_data 
2021-03-26 21:30:19,519 - DEBUG - decor_log_server - Сообщение от клиента. вызвана из функции write_responses 
2021-03-26 21:30:23,677 - INFO - server - connect server 
2021-03-26 21:30:23,677 - DEBUG - server - Клиент подключился 
2021-03-26 21:30:27,545 - DEBUG - decor_log_server - Сообщение от клиента. вызвана из функции analysis_data 
2021-03-26 21:30:27,548 - DEBUG - decor_log_server - Сообщение от клиента. вызвана из функции write_responses 
2021-03-26 21:36:30,943 - INFO - server - connect server 
2021-03-26 21:36:30,943 - DEBUG - server - Клиент подключился 
2021-03-26 21:36:33,817 - DEBUG - decor_log_server - Сообщение от клиента. вызвана из функции read_requests 
2021-03-26 21:36:33,820 - DEBUG - decor_log_server - Сообщение от клиента. вызвана из функции write_responses 
2021-03-26 21:36:37,746 - INFO - server - connect server 
2021-03-26 21:36:37,746 - DEBUG - server - Клиент подключился 
2021-03-26 21:36:41,611 - DEBUG - decor_log_server - Сообщение от клиента. вызвана из функции read_requests 
2021-03-26 21:36:41,615 - DEBUG - decor_log_server - Сообщение от клиента. вызвана из функции write_responses 
2021-03-26 21:43:09,237 - INFO - server - connect server 
2021-03-26 21:43:09,238 - DEBUG - server - Клиент подключился 
2021-03-26 21:43:12,116 - DEBUG - decor_log_server - Сообщение от клиента. вызвана из функции analysis_data 
2021-03-26 21:43:12,119 - DEBUG - decor_log_server - Сообщение от клиента. вызвана из функции write_responses 
2021-03-26 21:43:13,768 - DEBUG - decor_log_server - Сообщение от клиента. вызвана из функции analysis_data 
2021-03-26 21:43:13,770 - DEBUG - decor_log_server - Сообщение от клиента. вызвана из функции serializer_server_message 
2021-03-26 21:43:13,772 - DEBUG - decor_log_server - Сообщение от клиента. вызвана из функции write_responses 
2021-03-26 21:43:23,157 - INFO - server - connect server 
2021-03-26 21:43:23,157 - DEBUG - server - Клиент подключился 
2021-03-26 21:43:27,041 - DEBUG - decor_log_server - Сообщение от клиента. вызвана из функции analysis_data 
2021-03-26 21:43:27,045 - DEBUG - decor_log_server - Сообщение от клиента. вызвана из функции write_responses 
2021-03-26 21:43:28,678 - DEBUG - decor_log_server - Сообщение от клиента. вызвана из функции analysis_data 
2021-03-26 21:43:28,681 - DEBUG - decor_log_server - Сообщение от клиента. вызвана из функции serializer_server_message 
2021-03-26 21:43:28,683 - DEBUG - decor_log_server - Сообщение от клиента. вызвана из функции write_responses 
2021-03-26 21:43:30,918 - DEBUG - decor_log_server - Сообщение от клиента. вызвана из функции analysis_data 
2021-03-26 21:43:30,920 - DEBUG - decor_log_server - Сообщение от клиента. вызвана из функции serializer_server_message 
2021-03-26 21:43:30,923 - DEBUG - decor_log_server - Сообщение от клиента. вызвана из функции write_responses 
2021-03-26 21:43:35,395 - DEBUG - decor_log_server - Сообщение от клиента. вызвана из функции analysis_data 
2021-03-26 21:43:35,397 - DEBUG - decor_log_server - Сообщение от клиента. вызвана из функции serializer_server_message 
2021-03-26 21:43:35,400 - DEBUG - decor_log_server - Сообщение от клиента. вызвана из функции write_responses 
2021-03-26 21:43:37,038 - DEBUG - decor_log_server - Сообщение от клиента. вызвана из функции analysis_data 
2021-03-26 21:43:37,046 - DEBUG - decor_log_server - Сообщение от клиента. вызвана из функции serializer_server_message 
2021-03-26 21:43:37,053 - DEBUG - decor_log_server - Сообщение от клиента. вызвана из функции write_responses 
2021-03-26 21:43:38,274 - DEBUG - decor_log_server - Сообщение от клиента. вызвана из функции analysis_data 
2021-03-26 21:43:38,277 - DEBUG - decor_log_server - Сообщение от клиента. вызвана из функции serializer_server_message 
2021-03-26 21:43:38,279 - DEBUG - decor_log_server - Сообщение от клиента. вызвана из функции write_responses 
2021-03-26 21:43:39,501 - DEBUG - decor_log_server - Сообщение от клиента. вызвана из функции analysis_data 
2021-03-26 21:43:39,504 - DEBUG - decor_log_server - Сообщение от клиента. вызвана из функции serializer_server_message 
2021-03-26 21:43:39,506 - DEBUG - decor_log_server - Сообщение от клиента. вызвана из функции write_responses 
2021-03-26 21:43:42,981 - DEBUG - decor_log_server - Сообщение от клиента. вызвана из функции analysis_data 
2021-03-26 21:43:42,983 - DEBUG - decor_log_server - Сообщение от клиента. вызвана из функции serializer_server_message 
2021-03-26 21:43:42,985 - DEBUG - decor_log_server - Сообщение от клиента. вызвана из функции write_responses 
2021-03-26 21:45:20,549 - DEBUG - decor_log_server - Сообщение от клиента. вызвана из функции analysis_data 
2021-03-26 21:45:20,551 - DEBUG - decor_log_server - Сообщение от клиента. вызвана из функции serializer_server_message 
2021-03-26 21:45:20,553 - DEBUG - decor_log_server - Сообщение от клиента. вызвана из функции write_responses 
2021-03-26 21:45:23,416 - DEBUG - decor_log_server - Сообщение от клиента. вызвана из функции analysis_data 
2021-03-26 21:45:23,418 - DEBUG - decor_log_server - Сообщение от клиента. вызвана из функции serializer_server_message 
2021-03-26 21:45:23,420 - DEBUG - decor_log_server - Сообщение от клиента. вызвана из функции write_responses 
2021-03-26 21:45:28,500 - DEBUG - decor_log_server - Сообщение от клиента. вызвана из функции analysis_data 
2021-03-26 21:45:28,503 - DEBUG - decor_log_server - Сообщение от клиента. вызвана из функции serializer_server_message 
2021-03-26 21:45:28,506 - DEBUG - decor_log_server - Сообщение от клиента. вызвана из функции write_responses 
2021-03-26 21:46:44,797 - INFO - server - connect server 
2021-03-26 21:46:44,797 - DEBUG - server - Клиент подключился 
2021-03-26 21:46:48,046 - DEBUG - decor_log_server - Сообщение от клиента. вызвана из функции analysis_data 
2021-03-26 21:46:51,756 - DEBUG - decor_log_server - Сообщение от клиента. вызвана из функции analysis_data 
2021-03-26 21:46:51,766 - DEBUG - decor_log_server - Сообщение от клиента. вызвана из функции write_responses 
2021-03-26 21:46:52,799 - DEBUG - decor_log_server - Сообщение от клиента. вызвана из функции analysis_data 
2021-03-26 21:46:52,801 - DEBUG - decor_log_server - Сообщение от клиента. вызвана из функции serializer_server_message 
2021-03-26 21:46:52,804 - DEBUG - decor_log_server - Сообщение от клиента. вызвана из функции write_responses 
2021-03-26 21:46:54,429 - DEBUG - decor_log_server - Сообщение от клиента. вызвана из функции analysis_data 
2021-03-26 21:46:54,430 - DEBUG - decor_log_server - Сообщение от клиента. вызвана из функции serializer_server_message 
2021-03-26 21:46:54,433 - DEBUG - decor_log_server - Сообщение от клиента. вызвана из функции write_responses 
2021-03-26 21:46:55,862 - DEBUG - decor_log_server - Сообщение от клиента. вызвана из функции analysis_data 
2021-03-26 21:46:55,864 - DEBUG - decor_log_server - Сообщение от клиента. вызвана из функции serializer_server_message 
2021-03-26 21:46:55,866 - DEBUG - decor_log_server - Сообщение от клиента. вызвана из функции write_responses 
2021-03-26 21:53:24,199 - INFO - server - connect server 
2021-03-26 21:53:24,199 - DEBUG - server - Клиент подключился 
2021-03-26 21:53:27,676 - DEBUG - decor_log_server - Сообщение от клиента. вызвана из функции analysis_data 
2021-03-26 21:53:27,678 - DEBUG - decor_log_server - Сообщение от клиента. вызвана из функции write_responses 
2021-03-26 21:53:33,922 - INFO - server - connect server 
2021-03-26 21:53:33,922 - DEBUG - server - Клиент подключился 
2021-03-26 21:53:36,800 - DEBUG - decor_log_server - Сообщение от клиента. вызвана из функции analysis_data 
2021-03-26 21:53:36,805 - DEBUG - decor_log_server - Сообщение от клиента. вызвана из функции write_responses 
2021-03-26 21:53:40,479 - DEBUG - decor_log_server - Сообщение от клиента. вызвана из функции analysis_data 
2021-03-26 21:53:40,481 - DEBUG - decor_log_server - Сообщение от клиента. вызвана из функции serializer_server_message 
2021-03-26 21:53:40,483 - DEBUG - decor_log_server - Сообщение от клиента. вызвана из функции write_responses 
2021-03-26 21:53:42,108 - DEBUG - decor_log_server - Сообщение от клиента. вызвана из функции analysis_data 
2021-03-26 21:53:42,110 - DEBUG - decor_log_server - Сообщение от клиента. вызвана из функции serializer_server_message 
2021-03-26 21:53:42,113 - DEBUG - decor_log_server - Сообщение от клиента. вызвана из функции write_responses 
2021-03-26 21:53:45,783 - DEBUG - decor_log_server - Сообщение от клиента. вызвана из функции analysis_data 
2021-03-26 21:53:45,786 - DEBUG - decor_log_server - Сообщение от клиента. вызвана из функции serializer_server_message 
2021-03-26 21:53:45,789 - DEBUG - decor_log_server - Сообщение от клиента. вызвана из функции write_responses 
2021-03-26 21:53:46,806 - DEBUG - decor_log_server - Сообщение от клиента. вызвана из функции analysis_data 
2021-03-26 21:53:46,809 - DEBUG - decor_log_server - Сообщение от клиента. вызвана из функции serializer_server_message 
2021-03-26 21:53:46,812 - DEBUG - decor_log_server - Сообщение от клиента. вызвана из функции write_responses 
2021-03-26 21:53:48,644 - DEBUG - decor_log_server - Сообщение от клиента. вызвана из функции analysis_data 
2021-03-26 21:53:48,652 - DEBUG - decor_log_server - Сообщение от клиента. вызвана из функции serializer_server_message 
2021-03-26 21:53:48,658 - DEBUG - decor_log_server - Сообщение от клиента. вызвана из функции write_responses 
2021-03-26 21:53:51,711 - DEBUG - decor_log_server - Сообщение от клиента. вызвана из функции analysis_data 
2021-03-26 21:53:51,713 - DEBUG - decor_log_server - Сообщение от клиента. вызвана из функции serializer_server_message 
2021-03-26 21:53:51,716 - DEBUG - decor_log_server - Сообщение от клиента. вызвана из функции write_responses 
2021-03-27 21:30:22,780 - INFO - server - connect server 
2021-03-27 21:30:22,785 - DEBUG - server - Клиент подключился 
2021-03-27 21:36:55,516 - INFO - server - connect server 
2021-03-27 21:36:55,516 - DEBUG - server - Клиент подключился 
2021-03-27 22:58:37,889 - CRITICAL - server - Допустимы адреса с 1024 до 65535. Передан 7777 
2021-03-27 22:59:17,084 - CRITICAL - server - Допустимы адреса с 1024 до 65535. Передан 7777 
2021-03-27 23:00:03,886 - CRITICAL - server - Допустимы адреса с 1024 до 65535. Передан 7777 
2021-03-27 23:00:36,304 - CRITICAL - server - Допустимы адреса с 1024 до 65535. Передан 7777 
2021-03-27 23:07:06,222 - INFO - server - connect server 
2021-03-27 23:07:06,222 - DEBUG - server - Клиент подключился 
2021-03-27 23:07:08,896 - DEBUG - decor_log_server - Сообщение от клиента. вызвана из функции analysis_data 
2021-03-27 23:07:08,903 - DEBUG - decor_log_server - Сообщение от клиента. вызвана из функции write_responses 
2021-03-27 23:07:21,520 - INFO - server - connect server 
2021-03-27 23:07:21,520 - DEBUG - server - Клиент подключился 
2021-03-27 23:07:24,356 - DEBUG - decor_log_server - Сообщение от клиента. вызвана из функции analysis_data 
2021-03-27 23:07:24,359 - DEBUG - decor_log_server - Сообщение от клиента. вызвана из функции write_responses 
2021-03-27 23:07:28,630 - DEBUG - decor_log_server - Сообщение от клиента. вызвана из функции analysis_data 
2021-03-27 23:07:28,633 - DEBUG - decor_log_server - Сообщение от клиента. вызвана из функции serializer_server_message 
2021-03-27 23:07:28,636 - DEBUG - decor_log_server - Сообщение от клиента. вызвана из функции write_responses 
2021-03-27 23:07:30,268 - DEBUG - decor_log_server - Сообщение от клиента. вызвана из функции analysis_data 
2021-03-27 23:07:30,269 - DEBUG - decor_log_server - Сообщение от клиента. вызвана из функции serializer_server_message 
2021-03-27 23:07:30,271 - DEBUG - decor_log_server - Сообщение от клиента. вызвана из функции write_responses 
2021-03-27 23:07:35,377 - DEBUG - decor_log_server - Сообщение от клиента. вызвана из функции analysis_data 
2021-03-27 23:07:35,378 - DEBUG - decor_log_server - Сообщение от клиента. вызвана из функции serializer_server_message 
2021-03-27 23:07:35,381 - DEBUG - decor_log_server - Сообщение от клиента. вызвана из функции write_responses 
2021-03-27 23:07:36,215 - DEBUG - decor_log_server - Сообщение от клиента. вызвана из функции analysis_data 
2021-03-27 23:07:36,217 - DEBUG - decor_log_server - Сообщение от клиента. вызвана из функции serializer_server_message 
2021-03-27 23:07:36,219 - DEBUG - decor_log_server - Сообщение от клиента. вызвана из функции write_responses 
2021-03-27 23:07:37,636 - DEBUG - decor_log_server - Сообщение от клиента. вызвана из функции analysis_data 
2021-03-27 23:07:37,639 - DEBUG - decor_log_server - Сообщение от клиента. вызвана из функции serializer_server_message 
2021-03-27 23:07:37,641 - DEBUG - decor_log_server - Сообщение от клиента. вызвана из функции write_responses 
2021-03-27 23:07:38,474 - DEBUG - decor_log_server - Сообщение от клиента. вызвана из функции analysis_data 
2021-03-27 23:07:38,477 - DEBUG - decor_log_server - Сообщение от клиента. вызвана из функции serializer_server_message 
2021-03-27 23:07:38,479 - DEBUG - decor_log_server - Сообщение от клиента. вызвана из функции write_responses 
2021-03-27 23:15:45,322 - INFO - server - connect server 
2021-03-27 23:15:45,322 - DEBUG - server - Клиент подключился 
2021-03-27 23:15:48,404 - DEBUG - decor_log_server - Сообщение от клиента. вызвана из функции analysis_data 
2021-03-27 23:15:48,407 - DEBUG - decor_log_server - Сообщение от клиента. вызвана из функции write_responses 
2021-03-27 23:15:55,878 - INFO - server - connect server 
2021-03-27 23:15:55,878 - DEBUG - server - Клиент подключился 
2021-03-27 23:15:58,971 - DEBUG - decor_log_server - Сообщение от клиента. вызвана из функции analysis_data 
2021-03-27 23:15:58,974 - DEBUG - decor_log_server - Сообщение от клиента. вызвана из функции write_responses 
2021-03-27 23:16:02,010 - DEBUG - decor_log_server - Сообщение от клиента. вызвана из функции analysis_data 
2021-03-27 23:16:02,012 - DEBUG - decor_log_server - Сообщение от клиента. вызвана из функции serializer_server_message 
2021-03-27 23:16:02,014 - DEBUG - decor_log_server - Сообщение от клиента. вызвана из функции write_responses 
2021-03-27 23:16:03,460 - DEBUG - decor_log_server - Сообщение от клиента. вызвана из функции analysis_data 
2021-03-27 23:16:03,462 - DEBUG - decor_log_server - Сообщение от клиента. вызвана из функции serializer_server_message 
2021-03-27 23:16:03,464 - DEBUG - decor_log_server - Сообщение от клиента. вызвана из функции write_responses 
2021-03-27 23:16:09,414 - DEBUG - decor_log_server - Сообщение от клиента. вызвана из функции analysis_data 
2021-03-27 23:16:09,416 - DEBUG - decor_log_server - Сообщение от клиента. вызвана из функции serializer_server_message 
2021-03-27 23:16:09,418 - DEBUG - decor_log_server - Сообщение от клиента. вызвана из функции write_responses 
2021-03-27 23:16:10,029 - DEBUG - decor_log_server - Сообщение от клиента. вызвана из функции analysis_data 
2021-03-27 23:16:10,031 - DEBUG - decor_log_server - Сообщение от клиента. вызвана из функции serializer_server_message 
2021-03-27 23:16:10,034 - DEBUG - decor_log_server - Сообщение от клиента. вызвана из функции write_responses 
2021-03-27 23:16:10,656 - DEBUG - decor_log_server - Сообщение от клиента. вызвана из функции analysis_data 
2021-03-27 23:16:10,657 - DEBUG - decor_log_server - Сообщение от клиента. вызвана из функции serializer_server_message 
2021-03-27 23:16:10,660 - DEBUG - decor_log_server - Сообщение от клиента. вызвана из функции write_responses 
2021-03-27 23:16:11,492 - DEBUG - decor_log_server - Сообщение от клиента. вызвана из функции analysis_data 
2021-03-27 23:16:11,499 - DEBUG - decor_log_server - Сообщение от клиента. вызвана из функции serializer_server_message 
2021-03-27 23:16:11,504 - DEBUG - decor_log_server - Сообщение от клиента. вызвана из функции write_responses 
2021-03-27 23:16:12,533 - DEBUG - decor_log_server - Сообщение от клиента. вызвана из функции analysis_data 
2021-03-27 23:16:12,535 - DEBUG - decor_log_server - Сообщение от клиента. вызвана из функции serializer_server_message 
2021-03-27 23:16:12,537 - DEBUG - decor_log_server - Сообщение от клиента. вызвана из функции write_responses 
2021-03-27 23:16:13,553 - DEBUG - decor_log_server - Сообщение от клиента. вызвана из функции analysis_data 
2021-03-27 23:16:13,555 - DEBUG - decor_log_server - Сообщение от клиента. вызвана из функции serializer_server_message 
2021-03-27 23:16:13,558 - DEBUG - decor_log_server - Сообщение от клиента. вызвана из функции write_responses 
2021-03-27 23:18:20,213 - INFO - server - connect server 
2021-03-27 23:18:20,213 - DEBUG - server - Клиент подключился 
2021-03-27 23:18:24,107 - DEBUG - decor_log_server - Сообщение от клиента. вызвана из функции analysis_data 
2021-03-27 23:18:24,109 - DEBUG - decor_log_server - Сообщение от клиента. вызвана из функции write_responses 
2021-03-27 23:18:31,119 - INFO - server - connect server 
2021-03-27 23:18:31,119 - DEBUG - server - Клиент подключился 
2021-03-27 23:18:37,249 - DEBUG - decor_log_server - Сообщение от клиента. вызвана из функции analysis_data 
2021-03-27 23:18:52,480 - DEBUG - decor_log_server - Сообщение от клиента. вызвана из функции analysis_data 
2021-03-27 23:18:58,369 - DEBUG - decor_log_server - Сообщение от клиента. вызвана из функции analysis_data 
2021-03-27 23:18:58,372 - DEBUG - decor_log_server - Сообщение от клиента. вызвана из функции write_responses 
2021-03-27 23:22:08,251 - DEBUG - decor_log_server - Сообщение от клиента. вызвана из функции analysis_data 
2021-03-27 23:22:08,253 - DEBUG - decor_log_server - Сообщение от клиента. вызвана из функции write_responses 
2021-03-27 23:22:13,315 - DEBUG - decor_log_server - Сообщение от клиента. вызвана из функции analysis_data 
2021-03-27 23:27:32,806 - INFO - server - connect server 
2021-03-27 23:27:32,806 - DEBUG - server - Клиент подключился 
2021-03-27 23:27:35,272 - DEBUG - decor_log_server - Сообщение от клиента. вызвана из функции analysis_data 
2021-03-27 23:27:53,806 - DEBUG - decor_log_server - Сообщение от клиента. вызвана из функции analysis_data 
2021-03-27 23:27:53,815 - DEBUG - decor_log_server - Сообщение от клиента. вызвана из функции write_responses 
2021-03-27 23:29:14,821 - INFO - server - connect server 
2021-03-27 23:29:14,821 - DEBUG - server - Клиент подключился 
2021-03-27 23:29:19,764 - DEBUG - decor_log_server - Сообщение от клиента. вызвана из функции analysis_data 
2021-03-27 23:29:19,766 - DEBUG - decor_log_server - Сообщение от клиента. вызвана из функции write_responses 
2021-03-27 23:34:35,174 - INFO - server - connect server 
2021-03-27 23:34:35,174 - DEBUG - server - Клиент подключился 
2021-03-27 23:34:41,079 - DEBUG - decor_log_server - Сообщение от клиента. вызвана из функции analysis_data 
2021-03-27 23:34:52,888 - DEBUG - decor_log_server - Сообщение от клиента. вызвана из функции analysis_data 
2021-03-27 23:34:52,891 - DEBUG - decor_log_server - Сообщение от клиента. вызвана из функции write_responses 
2021-03-27 23:43:22,825 - INFO - server - connect server 
2021-03-27 23:43:22,826 - DEBUG - server - Клиент подключился 
2021-03-27 23:43:27,332 - DEBUG - decor_log_server - Сообщение от клиента. вызвана из функции analysis_data 
2021-03-27 23:43:27,334 - DEBUG - decor_log_server - Сообщение от клиента. вызвана из функции write_responses 
2021-03-27 23:47:02,874 - INFO - server - connect server 
2021-03-27 23:47:02,874 - DEBUG - server - Клиент подключился 
2021-03-27 23:47:06,355 - DEBUG - decor_log_server - Сообщение от клиента. вызвана из функции analysis_data 
2021-03-27 23:47:06,358 - DEBUG - decor_log_server - Сообщение от клиента. вызвана из функции write_responses 
2021-03-27 23:47:09,402 - DEBUG - decor_log_server - Сообщение от клиента. вызвана из функции analysis_data 
2021-03-27 23:47:09,405 - DEBUG - decor_log_server - Сообщение от клиента. вызвана из функции serializer_server_message 
2021-03-27 23:47:09,407 - DEBUG - decor_log_server - Сообщение от клиента. вызвана из функции write_responses 
2021-03-27 23:47:10,842 - DEBUG - decor_log_server - Сообщение от клиента. вызвана из функции analysis_data 
2021-03-27 23:47:10,844 - DEBUG - decor_log_server - Сообщение от клиента. вызвана из функции serializer_server_message 
2021-03-27 23:47:10,846 - DEBUG - decor_log_server - Сообщение от клиента. вызвана из функции write_responses 
